<?xml version="1.0" encoding="UTF-8"?>
<!-- Generated by org.testng.reporters.JUnitReportReporter -->
<testsuite skipped="0" hostname="admin-PC" name="com.test.BaseTest" tests="4" failures="0" timestamp="2021-01-30T15:58:50 IST" time="6.921" errors="0">
  <testcase name="validateGetResponseFieldsforNotNullorBlank" time="1.205" classname="com.test.BaseTest"/>
  <system-out/>
  <testcase name="test1" time="0.029" classname="com.test.BaseTest"/>
  <system-out/>
  <testcase name="getRequestAutomation" time="4.303" classname="com.test.BaseTest"/>
  <system-out/>
  <testcase name="validateGetResponseFieldsAreMatching" time="1.384" classname="com.test.BaseTest"/>
  <system-out/>
</testsuite> <!-- com.test.BaseTest -->
