<?xml version="1.0" encoding="UTF-8"?>
<!-- Generated by org.testng.reporters.JUnitReportReporter -->
<testsuite hostname="admin-PC" name="com.test.APICallGet" tests="1" failures="0" timestamp="1 Feb 2021 17:13:04 GMT" time="0.009" errors="0">
  <testcase name="writeToXml" time="0.009" classname="com.test.APICallGet"/>
</testsuite> <!-- com.test.APICallGet -->
