<?xml version="1.0" encoding="UTF-8"?>
<!-- Generated by org.testng.reporters.JUnitReportReporter -->
<testsuite hostname="admin-PC" name="com.util.ExcelReaderUtility" tests="1" failures="0" timestamp="1 Feb 2021 10:13:17 GMT" time="0.809" errors="0">
  <testcase name="ReadExcel" time="0.809" classname="com.util.ExcelReaderUtility"/>
</testsuite> <!-- com.util.ExcelReaderUtility -->
