<?xml version="1.0" encoding="UTF-8"?>
<!-- Generated by org.testng.reporters.JUnitReportReporter -->
<testsuite hostname="admin-PC" name="com.test.Test" tests="1" failures="0" timestamp="1 Feb 2021 18:07:55 GMT" time="3.653" errors="0">
  <testcase name="verifyRecordSuccessfulRead" time="3.653" classname="com.test.Test"/>
</testsuite> <!-- com.test.Test -->
