<?xml version="1.0" encoding="UTF-8"?>
<!-- Generated by org.testng.reporters.JUnitReportReporter -->
<testsuite skipped="0" hostname="admin-PC" name="com.test.BaseTest" tests="1" failures="0" timestamp="2021-01-30T14:42:59 IST" time="4.279" errors="0">
  <testcase name="getRequestAutomation" time="4.279" classname="com.test.BaseTest"/>
  <system-out/>
</testsuite> <!-- com.test.BaseTest -->
