<?xml version="1.0" encoding="UTF-8"?>
<!-- Generated by org.testng.reporters.JUnitReportReporter -->
<testsuite hostname="admin-PC" name="com.VerifyCases.Testing" tests="1" failures="0" timestamp="29 Jan 2021 23:02:21 GMT" time="0.022" errors="0">
  <testcase name="verifyTitle" time="0.022" classname="com.VerifyCases.Testing"/>
</testsuite> <!-- com.VerifyCases.Testing -->
