<?xml version="1.0" encoding="UTF-8"?>
<!-- Generated by org.testng.reporters.JUnitReportReporter -->
<testsuite hostname="admin-PC" name="com.test.ExcelWriterTest" tests="1" failures="0" timestamp="2 Feb 2021 05:20:08 GMT" time="1.544" errors="0">
  <testcase name="testExcelWriter" time="1.544" classname="com.test.ExcelWriterTest"/>
</testsuite> <!-- com.test.ExcelWriterTest -->
