<?xml version="1.0" encoding="UTF-8"?>
<!-- Generated by org.testng.reporters.JUnitReportReporter -->
<testsuite hostname="admin-PC" name="com.test.ExcelReaderTest" tests="1" failures="0" timestamp="2 Feb 2021 05:20:08 GMT" time="0.889" errors="0">
  <testcase name="testExcelReader" time="0.889" classname="com.test.ExcelReaderTest"/>
</testsuite> <!-- com.test.ExcelReaderTest -->
