<?xml version="1.0" encoding="UTF-8"?>
<!-- Generated by org.testng.reporters.JUnitReportReporter -->
<testsuite hostname="admin-PC" name="com.test.GetAPITest" tests="2" failures="0" timestamp="2 Feb 2021 05:20:08 GMT" time="5.474" errors="0">
  <testcase name="verifyRecordSuccessfulRead" time="4.395" classname="com.test.GetAPITest"/>
  <testcase name="validateResponse" time="1.079" classname="com.test.GetAPITest"/>
</testsuite> <!-- com.test.GetAPITest -->
